2021-07-31 14:26:13.456  INFO 6080 --- [restartedMain] c.i.e.ProjectEDiaryFinal2Application     : Starting ProjectEDiaryFinal2Application using Java 15.0.2 on DESKTOP-20IDJIL with PID 6080 (C:\Users\Korisnik\Documents\workspace-spring-tool-suite-4-4.10.0.RELEASE\project_eDiaryFinal2\target\classes started by Korisnik in C:\Users\Korisnik\Documents\workspace-spring-tool-suite-4-4.10.0.RELEASE\project_eDiaryFinal2)
2021-07-31 14:26:13.462  INFO 6080 --- [restartedMain] c.i.e.ProjectEDiaryFinal2Application     : No active profile set, falling back to default profiles: default
2021-07-31 14:26:13.591  INFO 6080 --- [restartedMain] .e.DevToolsPropertyDefaultsPostProcessor : Devtools property defaults active! Set 'spring.devtools.add-properties' to 'false' to disable
2021-07-31 14:26:13.595  INFO 6080 --- [restartedMain] .e.DevToolsPropertyDefaultsPostProcessor : For additional web related logging consider setting the 'logging.level.web' property to 'DEBUG'
2021-07-31 14:26:15.425  INFO 6080 --- [restartedMain] .s.d.r.c.RepositoryConfigurationDelegate : Bootstrapping Spring Data JPA repositories in DEFAULT mode.
2021-07-31 14:26:15.623  INFO 6080 --- [restartedMain] .s.d.r.c.RepositoryConfigurationDelegate : Finished Spring Data repository scanning in 185 ms. Found 12 JPA repository interfaces.
2021-07-31 14:26:16.723  INFO 6080 --- [restartedMain] o.s.b.w.embedded.tomcat.TomcatWebServer  : Tomcat initialized with port(s): 8080 (http)
2021-07-31 14:26:16.741  INFO 6080 --- [restartedMain] o.apache.catalina.core.StandardService   : Starting service [Tomcat]
2021-07-31 14:26:16.742  INFO 6080 --- [restartedMain] org.apache.catalina.core.StandardEngine  : Starting Servlet engine: [Apache Tomcat/9.0.50]
2021-07-31 14:26:16.901  INFO 6080 --- [restartedMain] o.a.c.c.C.[Tomcat].[localhost].[/]       : Initializing Spring embedded WebApplicationContext
2021-07-31 14:26:16.902  INFO 6080 --- [restartedMain] w.s.c.ServletWebServerApplicationContext : Root WebApplicationContext: initialization completed in 3290 ms
2021-07-31 14:26:17.814  INFO 6080 --- [restartedMain] com.zaxxer.hikari.HikariDataSource       : HikariPool-1 - Starting...
2021-07-31 14:26:18.353  INFO 6080 --- [restartedMain] com.zaxxer.hikari.HikariDataSource       : HikariPool-1 - Start completed.
2021-07-31 14:26:20.528  INFO 6080 --- [restartedMain] j.LocalContainerEntityManagerFactoryBean : Initialized JPA EntityManagerFactory for persistence unit 'default'
2021-07-31 14:26:21.643  WARN 6080 --- [restartedMain] JpaBaseConfiguration$JpaWebConfiguration : spring.jpa.open-in-view is enabled by default. Therefore, database queries may be performed during view rendering. Explicitly configure spring.jpa.open-in-view to disable this warning
2021-07-31 14:26:21.853 DEBUG 6080 --- [restartedMain] s.w.s.m.m.a.RequestMappingHandlerAdapter : ControllerAdvice beans: 0 @ModelAttribute, 0 @InitBinder, 1 RequestBodyAdvice, 1 ResponseBodyAdvice
2021-07-31 14:26:21.999 DEBUG 6080 --- [restartedMain] s.w.s.m.m.a.RequestMappingHandlerMapping : 75 mappings in 'requestMappingHandlerMapping'
2021-07-31 14:26:22.043 DEBUG 6080 --- [restartedMain] o.s.w.s.handler.SimpleUrlHandlerMapping  : Patterns [/webjars/**, /**] in 'resourceHandlerMapping'
2021-07-31 14:26:22.065 DEBUG 6080 --- [restartedMain] .m.m.a.ExceptionHandlerExceptionResolver : ControllerAdvice beans: 1 @ExceptionHandler, 1 ResponseBodyAdvice
2021-07-31 14:26:22.124  WARN 6080 --- [restartedMain] ion$DefaultTemplateResolverConfiguration : Cannot find template location: classpath:/templates/ (please add some templates or check your Thymeleaf configuration)
2021-07-31 14:26:22.323  INFO 6080 --- [restartedMain] o.s.b.d.a.OptionalLiveReloadServer       : LiveReload server is running on port 35729
2021-07-31 14:26:22.397  INFO 6080 --- [restartedMain] o.s.b.w.embedded.tomcat.TomcatWebServer  : Tomcat started on port(s): 8080 (http) with context path ''
2021-07-31 14:26:22.413  INFO 6080 --- [restartedMain] c.i.e.ProjectEDiaryFinal2Application     : Started ProjectEDiaryFinal2Application in 9.709 seconds (JVM running for 11.748)
